Unity Editor version:    2020.3.42f1 (7ade1201f527)
Branch:                  2020.3/staging
Build type:              Release
Batch mode:              YES
System name:             Linux
Distro version:          #153~18.04.1-Ubuntu SMP Wed Nov 30 15:47:57 UTC 2022
Kernel version:          5.4.0-136-generic
Architecture:            x86_64
Available memory:        31983 MB
Using pre-set license
Pro License: NO
Desktop is 3840 x 1080 @ 60 Hz

COMMAND LINE ARGUMENTS:
Unity
-adb2
-batchMode
-noUpm
-name
AssetImportWorker0
-projectPath
/home/mentalab/Documents/GitHub/neurofeedback_vr/neurofeedback_vr
-logFile
Logs/AssetImportWorker0.log
-srvPort
39137
Successfully changed project path to: /home/mentalab/Documents/GitHub/neurofeedback_vr/neurofeedback_vr
/home/mentalab/Documents/GitHub/neurofeedback_vr/neurofeedback_vr
Using Asset Import Pipeline V2.
Refreshing native plugins compatible for Editor in 95,53 ms, found 0 plugins.
Preloading 0 native plugins for Editor in 0,00 ms.
Initialize engine version: 2020.3.42f1 (7ade1201f527)
[Subsystems] Discovering subsystems at path /home/mentalab/Unity/Hub/Editor/2020.3.42f1/Editor/Data/Resources/UnitySubsystems
[Subsystems] Discovering subsystems at path /home/mentalab/Documents/GitHub/neurofeedback_vr/neurofeedback_vr/Assets
GLX Extensions: GLX_ARB_create_context GLX_ARB_create_context_no_error GLX_ARB_create_context_profile GLX_ARB_create_context_robustness GLX_ARB_fbconfig_float GLX_ARB_framebuffer_sRGB GLX_ARB_get_proc_address GLX_ARB_multisample GLX_EXT_buffer_age GLX_EXT_create_context_es2_profile GLX_EXT_create_context_es_profile GLX_EXT_fbconfig_packed_float GLX_EXT_framebuffer_sRGB GLX_EXT_import_context GLX_EXT_texture_from_pixmap GLX_EXT_visual_info GLX_EXT_visual_rating GLX_INTEL_swap_event GLX_MESA_copy_sub_buffer GLX_MESA_query_renderer GLX_MESA_swap_control GLX_OML_swap_method GLX_OML_sync_control GLX_SGIS_multisample GLX_SGIX_fbconfig GLX_SGIX_pbuffer GLX_SGIX_visual_select_group GLX_SGI_make_current_read GLX_SGI_swap_control GLX_SGI_video_sync 
Renderer: Mesa DRI Intel(R) UHD Graphics 620 (WHL GT2)
Vendor:   Intel Open Source Technology Center
Version:  4.6 (Core Profile) Mesa 20.0.8
GLES:     0
 GL_3DFX_texture_compression_FXT1 GL_AMD_conservative_depth GL_AMD_depth_clamp_separate GL_AMD_draw_buffers_blend GL_AMD_gpu_shader_int64 GL_AMD_multi_draw_indirect GL_AMD_query_buffer_object GL_AMD_seamless_cubemap_per_texture GL_AMD_shader_stencil_export GL_AMD_shader_trinary_minmax GL_AMD_texture_texture4 GL_AMD_vertex_shader_layer GL_AMD_vertex_shader_viewport_index GL_ANGLE_texture_compression_dxt3 GL_ANGLE_texture_compression_dxt5 GL_APPLE_object_purgeable GL_ARB_ES2_compatibility GL_ARB_ES3_1_compatibility GL_ARB_ES3_2_compatibility GL_ARB_ES3_compatibility GL_ARB_arrays_of_arrays GL_ARB_base_instance GL_ARB_blend_func_extended GL_ARB_buffer_storage GL_ARB_clear_buffer_object GL_ARB_clear_texture GL_ARB_clip_control GL_ARB_compressed_texture_pixel_storage GL_ARB_compute_shader GL_ARB_conditional_render_inverted GL_ARB_conservative_depth GL_ARB_copy_buffer GL_ARB_copy_image GL_ARB_cull_distance GL_ARB_debug_output GL_ARB_depth_buffer_float GL_ARB_depth_clamp GL_ARB_derivative_control GL_ARB_direct_stat
e_access GL_ARB_draw_buffers GL_ARB_draw_buffers_blend GL_ARB_draw_elements_base_vertex GL_ARB_draw_indirect GL_ARB_draw_instanced GL_ARB_enhanced_layouts GL_ARB_explicit_attrib_location GL_ARB_explicit_uniform_location GL_ARB_fragment_coord_conventions GL_ARB_fragment_layer_viewport GL_ARB_fragment_shader GL_ARB_fragment_shader_interlock GL_ARB_framebuffer_no_attachments GL_ARB_framebuffer_object GL_ARB_framebuffer_sRGB GL_ARB_get_program_binary GL_ARB_get_texture_sub_image GL_ARB_gl_spirv GL_ARB_gpu_shader5 GL_ARB_gpu_shader_fp64 GL_ARB_gpu_shader_int64 GL_ARB_half_float_pixel GL_ARB_half_float_vertex GL_ARB_indirect_parameters GL_ARB_instanced_arrays GL_ARB_internalformat_query GL_ARB_internalformat_query2 GL_ARB_invalidate_subdata GL_ARB_map_buffer_alignment GL_ARB_map_buffer_range GL_ARB_multi_bind GL_ARB_multi_draw_indirect GL_ARB_occlusion_query2 GL_ARB_parallel_shader_compile GL_ARB_pipeline_statistics_query GL_ARB_pixel_buffer_object GL_ARB_point_sprite GL_ARB_polygon_offset_clamp GL_ARB_post_depth_
coverage GL_ARB_program_interface_query GL_ARB_provoking_vertex GL_ARB_query_buffer_object GL_ARB_robust_buffer_access_behavior GL_ARB_robustness GL_ARB_sample_shading GL_ARB_sampler_objects GL_ARB_seamless_cube_map GL_ARB_seamless_cubemap_per_texture GL_ARB_separate_shader_objects GL_ARB_shader_atomic_counter_ops GL_ARB_shader_atomic_counters GL_ARB_shader_ballot GL_ARB_shader_bit_encoding GL_ARB_shader_clock GL_ARB_shader_draw_parameters GL_ARB_shader_group_vote GL_ARB_shader_image_load_store GL_ARB_shader_image_size GL_ARB_shader_objects GL_ARB_shader_precision GL_ARB_shader_stencil_export GL_ARB_shader_storage_buffer_object GL_ARB_shader_subroutine GL_ARB_shader_texture_image_samples GL_ARB_shader_texture_lod GL_ARB_shader_viewport_layer_array GL_ARB_shading_language_420pack GL_ARB_shading_language_include GL_ARB_shading_language_packing GL_ARB_spirv_extensions GL_ARB_stencil_texturing GL_ARB_sync GL_ARB_tessellation_shader GL_ARB_texture_barrier GL_ARB_texture_buffer_object GL_ARB_texture_buffer_object_
rgb32 GL_ARB_texture_buffer_range GL_ARB_texture_compression_bptc GL_ARB_texture_compression_rgtc GL_ARB_texture_cube_map_array GL_ARB_texture_filter_anisotropic GL_ARB_texture_float GL_ARB_texture_gather GL_ARB_texture_mirror_clamp_to_edge GL_ARB_texture_multisample GL_ARB_texture_non_power_of_two GL_ARB_texture_query_levels GL_ARB_texture_query_lod GL_ARB_texture_rectangle GL_ARB_texture_rg GL_ARB_texture_rgb10_a2ui GL_ARB_texture_stencil8 GL_ARB_texture_storage GL_ARB_texture_storage_multisample GL_ARB_texture_swizzle GL_ARB_texture_view GL_ARB_timer_query GL_ARB_transform_feedback2 GL_ARB_transform_feedback3 GL_ARB_transform_feedback_instanced GL_ARB_transform_feedback_overflow_query GL_ARB_uniform_buffer_object GL_ARB_vertex_array_bgra GL_ARB_vertex_array_object GL_ARB_vertex_attrib_64bit GL_ARB_vertex_attrib_binding GL_ARB_vertex_buffer_object GL_ARB_vertex_shader GL_ARB_vertex_type_10f_11f_11f_rev GL_ARB_vertex_type_2_10_10_10_rev GL_ARB_viewport_array GL_ATI_blend_equation_separate GL_ATI_texture_flo
at GL_EXT_EGL_image_storage GL_EXT_EGL_sync GL_EXT_abgr GL_EXT_blend_equation_separate GL_EXT_demote_to_helper_invocation GL_EXT_draw_buffers2 GL_EXT_draw_instanced GL_EXT_framebuffer_blit GL_EXT_framebuffer_multisample GL_EXT_framebuffer_multisample_blit_scaled GL_EXT_framebuffer_object GL_EXT_framebuffer_sRGB GL_EXT_packed_depth_stencil GL_EXT_packed_float GL_EXT_pixel_buffer_object GL_EXT_polygon_offset_clamp GL_EXT_provoking_vertex GL_EXT_shader_framebuffer_fetch GL_EXT_shader_framebuffer_fetch_non_coherent GL_EXT_shader_integer_mix GL_EXT_shader_samples_identical GL_EXT_texture_array GL_EXT_texture_compression_dxt1 GL_EXT_texture_compression_rgtc GL_EXT_texture_compression_s3tc GL_EXT_texture_filter_anisotropic GL_EXT_texture_integer GL_EXT_texture_sRGB GL_EXT_texture_sRGB_R8 GL_EXT_texture_sRGB_decode GL_EXT_texture_shadow_lod GL_EXT_texture_shared_exponent GL_EXT_texture_snorm GL_EXT_texture_swizzle GL_EXT_timer_query GL_EXT_transform_feedback GL_EXT_vertex_array_bgra GL_EXT_vertex_attrib_64bit GL_IBM
_multimode_draw_arrays GL_INTEL_conservative_rasterization GL_INTEL_performance_query GL_INTEL_shader_atomic_float_minmax GL_INTEL_shader_integer_functions2 GL_KHR_blend_equation_advanced GL_KHR_blend_equation_advanced_coherent GL_KHR_context_flush_control GL_KHR_debug GL_KHR_no_error GL_KHR_parallel_shader_compile GL_KHR_robust_buffer_access_behavior GL_KHR_robustness GL_KHR_texture_compression_astc_ldr GL_KHR_texture_compression_astc_sliced_3d GL_MESA_framebuffer_flip_y GL_MESA_pack_invert GL_MESA_shader_integer_functions GL_MESA_texture_signed_rgba GL_NV_compute_shader_derivatives GL_NV_conditional_render GL_NV_depth_clamp GL_NV_fragment_shader_interlock GL_NV_packed_depth_stencil GL_NV_texture_barrier GL_OES_EGL_image GL_S3_s3tc
OPENGL LOG: Creating OpenGL 4.6 graphics device ; Context level  <OpenGL 4.5> ; Context handle -1286712512
Initialize mono
Mono path[0] = '/home/mentalab/Unity/Hub/Editor/2020.3.42f1/Editor/Data/Managed'
Mono path[1] = '/home/mentalab/Unity/Hub/Editor/2020.3.42f1/Editor/Data/MonoBleedingEdge/lib/mono/unityjit'
Mono config path = '/home/mentalab/Unity/Hub/Editor/2020.3.42f1/Editor/Data/MonoBleedingEdge/etc'
Using monoOptions --debugger-agent=transport=dt_socket,embedding=1,server=y,suspend=n,address=127.0.0.1:56528
Begin MonoManager ReloadAssembly
Registering precompiled unity dll's ...
Register platform support module: /home/mentalab/Unity/Hub/Editor/2020.3.42f1/Editor/Data/PlaybackEngines/LinuxStandaloneSupport/UnityEditor.LinuxStandalone.Extensions.dll
Registered in 0,001501 seconds.
Native extension for LinuxStandalone target not found
Refreshing native plugins compatible for Editor in 130,79 ms, found 0 plugins.
Preloading 0 native plugins for Editor in 0,00 ms.
Mono: successfully reloaded assembly
- Completed reload, in  1,042 seconds
Domain Reload Profiling:
	ReloadAssembly (1042ms)
		BeginReloadAssembly (68ms)
			ExecutionOrderSort (0ms)
			DisableScriptedObjects (0ms)
			BackupInstance (0ms)
			ReleaseScriptingObjects (0ms)
			CreateAndSetChildDomain (1ms)
		EndReloadAssembly (867ms)
			LoadAssemblies (66ms)
			RebuildTransferFunctionScriptingTraits (0ms)
			SetupTypeCache (252ms)
			ReleaseScriptCaches (0ms)
			RebuildScriptCaches (61ms)
			SetupLoadedEditorAssemblies (400ms)
				LogAssemblyErrors (0ms)
				InitializePlatformSupportModulesInManaged (9ms)
				SetLoadedEditorAssemblies (0ms)
				RefreshPlugins (131ms)
				BeforeProcessingInitializeOnLoad (12ms)
				ProcessInitializeOnLoadAttributes (201ms)
				ProcessInitializeOnLoadMethodAttributes (46ms)
				AfterProcessingInitializeOnLoad (0ms)
				EditorAssembliesLoaded (1ms)
			ExecutionOrderSort2 (0ms)
			AwakeInstancesAfterBackupRestoration (0ms)
Platform modules already initialized, skipping
Registering precompiled user dll's ...
Registered in 0,008201 seconds.
Begin MonoManager ReloadAssembly
Native extension for LinuxStandalone target not found
Refreshing native plugins compatible for Editor in 101,19 ms, found 0 plugins.
Preloading 0 native plugins for Editor in 0,00 ms.
Mono: successfully reloaded assembly
- Completed reload, in  1,809 seconds
Domain Reload Profiling:
	ReloadAssembly (1809ms)
		BeginReloadAssembly (189ms)
			ExecutionOrderSort (0ms)
			DisableScriptedObjects (8ms)
			BackupInstance (0ms)
			ReleaseScriptingObjects (0ms)
			CreateAndSetChildDomain (26ms)
		EndReloadAssembly (1551ms)
			LoadAssemblies (127ms)
			RebuildTransferFunctionScriptingTraits (0ms)
			SetupTypeCache (445ms)
			ReleaseScriptCaches (1ms)
			RebuildScriptCaches (97ms)
			SetupLoadedEditorAssemblies (725ms)
				LogAssemblyErrors (0ms)
				InitializePlatformSupportModulesInManaged (6ms)
				SetLoadedEditorAssemblies (0ms)
				RefreshPlugins (101ms)
				BeforeProcessingInitializeOnLoad (131ms)
				ProcessInitializeOnLoadAttributes (456ms)
				ProcessInitializeOnLoadMethodAttributes (25ms)
				AfterProcessingInitializeOnLoad (5ms)
				EditorAssembliesLoaded (0ms)
			ExecutionOrderSort2 (0ms)
			AwakeInstancesAfterBackupRestoration (2ms)
Platform modules already initialized, skipping
========================================================================
Worker process is ready to serve import requests
Launched and connected shader compiler UnityShaderCompiler after 0.01 seconds
Refreshing native plugins compatible for Editor in 1,16 ms, found 0 plugins.
Preloading 0 native plugins for Editor in 0,00 ms.
Unloading 3714 Unused Serialized files (Serialized files now loaded: 0)
System memory in use before: 150,8 MB.
System memory in use after: 150,9 MB.

Unloading 44 unused Assets to reduce memory usage. Loaded Objects now: 4132.
Total: 11,196776 ms (FindLiveObjects: 0,357373 ms CreateObjectMapping: 0,239180 ms MarkObjects: 10,147757 ms  DeleteObjects: 0,450610 ms)

AssetImportParameters requested are different than current active one (requested -> active):
  custom:video-decoder-ogg-theora: a1e56fd34408186e4bbccfd4996cb3dc -> 
  custom:container-muxer-webm: aa71ff27fc2769a1b78a27578f13a17b -> 
  custom:container-demuxer-webm: 4f35f7cbe854078d1ac9338744f61a02 -> 
  custom:container-demuxer-ogg: 62fdf1f143b41e24485cea50d1cbac27 -> 
  custom:video-encoder-webm-vp8: eb34c28f22e8b96e1ab97ce403110664 -> 
  custom:video-decoder-webm-vp8: 9c59270c3fd7afecdb556c50c9e8de78 -> 
  custom:audio-decoder-ogg-vorbis: bf7c407c2cedff20999df2af8eb42d56 -> 
  custom:audio-encoder-webm-vorbis: bf7c407c2cedff20999df2af8eb42d56 -> 
========================================================================
Received Import Request.
  path: Assets/source/stvol
  artifactKey: Guid(eeee13cd1877dfb2c9a2b9b1765e5acd) Importer(815301076,1909f56bfc062723c751e8b465ee728b)
Start importing Assets/source/stvol using Guid(eeee13cd1877dfb2c9a2b9b1765e5acd) Importer(815301076,1909f56bfc062723c751e8b465ee728b)  -> (artifact id: 'b9e089138b23a57bd7e5b46cdb569134') in 0,008076 seconds 
========================================================================
Received Import Request.
  Time since last request: 156,293658 seconds.
  path: Assets/source/but_albedo.jpg
  artifactKey: Guid(3186ea6d04dc69b3d8e28366171766cc) Importer(815301076,1909f56bfc062723c751e8b465ee728b)
Start importing Assets/source/but_albedo.jpg using Guid(3186ea6d04dc69b3d8e28366171766cc) Importer(815301076,1909f56bfc062723c751e8b465ee728b)  -> (artifact id: '6f751abecbdd0ddd844fe8aaa719fcdd') in 0,079556 seconds 
========================================================================
Received Import Request.
  Time since last request: 0,000455 seconds.
  path: Assets/source/ruchra_metallic.jpg
  artifactKey: Guid(de4abff8bd091a39aae2acd2fc873acf) Importer(815301076,1909f56bfc062723c751e8b465ee728b)
Start importing Assets/source/ruchra_metallic.jpg using Guid(de4abff8bd091a39aae2acd2fc873acf) Importer(815301076,1909f56bfc062723c751e8b465ee728b)  -> (artifact id: 'c3b646c7d9aca5605d695af0ca833e0f') in 0,018385 seconds 
========================================================================
Received Import Request.
  Time since last request: 0,000383 seconds.
  path: Assets/source/plas_normal.png
  artifactKey: Guid(d33c834c99aaa4326bd8acb0f1e75c62) Importer(815301076,1909f56bfc062723c751e8b465ee728b)
Start importing Assets/source/plas_normal.png using Guid(d33c834c99aaa4326bd8acb0f1e75c62) Importer(815301076,1909f56bfc062723c751e8b465ee728b)  -> (artifact id: '400590dc79ff6c5b324e6030a032d4fa') in 0,015138 seconds 
========================================================================
Received Import Request.
  Time since last request: 0,000391 seconds.
  path: Assets/source/kurok_normal.png
  artifactKey: Guid(21949c6cce0f4efae9d611f00c3fbd75) Importer(815301076,1909f56bfc062723c751e8b465ee728b)
Start importing Assets/source/kurok_normal.png using Guid(21949c6cce0f4efae9d611f00c3fbd75) Importer(815301076,1909f56bfc062723c751e8b465ee728b)  -> (artifact id: '67e2975cdad9328f45d9e9766308c0bd') in 0,018936 seconds 
========================================================================
Received Import Request.
  Time since last request: 0,000382 seconds.
  path: Assets/source/plas_roughness.jpg
  artifactKey: Guid(1d076e426b80e825cae907d0b9c28400) Importer(815301076,1909f56bfc062723c751e8b465ee728b)
Start importing Assets/source/plas_roughness.jpg using Guid(1d076e426b80e825cae907d0b9c28400) Importer(815301076,1909f56bfc062723c751e8b465ee728b)  -> (artifact id: '8610df65b926c957f8b5c7ec8e4d3051') in 0,015854 seconds 
========================================================================
Received Import Request.
  Time since last request: 0,000296 seconds.
  path: Assets/source/but_metallic.jpg
  artifactKey: Guid(4ca4c3ebf4ea338b5933a91786ea9a7d) Importer(815301076,1909f56bfc062723c751e8b465ee728b)
Start importing Assets/source/but_metallic.jpg using Guid(4ca4c3ebf4ea338b5933a91786ea9a7d) Importer(815301076,1909f56bfc062723c751e8b465ee728b)  -> (artifact id: 'ef8f00901d1b61f0e01a711baad9e405') in 0,022273 seconds 
========================================================================
Received Import Request.
  Time since last request: 0,000372 seconds.
  path: Assets/source/ruchra_emissive.jpg
  artifactKey: Guid(cd288909aa33bd5ccb99e1a4733512bd) Importer(815301076,1909f56bfc062723c751e8b465ee728b)
Start importing Assets/source/ruchra_emissive.jpg using Guid(cd288909aa33bd5ccb99e1a4733512bd) Importer(815301076,1909f56bfc062723c751e8b465ee728b)  -> (artifact id: 'ae433431aae581a740808b93130b6ad4') in 0,018041 seconds 
========================================================================
Received Import Request.
  Time since last request: 0,000219 seconds.
  path: Assets/source/ruchra_roughness.jpg
  artifactKey: Guid(822878f699e12e6f59a991d07c4a7f20) Importer(815301076,1909f56bfc062723c751e8b465ee728b)
Start importing Assets/source/ruchra_roughness.jpg using Guid(822878f699e12e6f59a991d07c4a7f20) Importer(815301076,1909f56bfc062723c751e8b465ee728b)  -> (artifact id: 'b8d3066d9af45c8738bb253567cc5d80') in 0,023162 seconds 
========================================================================
Received Import Request.
  Time since last request: 0,000416 seconds.
  path: Assets/source/ruchra_albedo.jpg
  artifactKey: Guid(bb4bf371255c6d53ab8badcbe4777bdf) Importer(815301076,1909f56bfc062723c751e8b465ee728b)
Start importing Assets/source/ruchra_albedo.jpg using Guid(bb4bf371255c6d53ab8badcbe4777bdf) Importer(815301076,1909f56bfc062723c751e8b465ee728b)  -> (artifact id: 'f58e043c2827949f9bf1cd3d0bb735fc') in 0,026239 seconds 
========================================================================
Received Import Request.
  Time since last request: 0,000269 seconds.
  path: Assets/source/plas_albedo.jpg
  artifactKey: Guid(9aaf8b13197737888bbb95a4be03d3d6) Importer(815301076,1909f56bfc062723c751e8b465ee728b)
Start importing Assets/source/plas_albedo.jpg using Guid(9aaf8b13197737888bbb95a4be03d3d6) Importer(815301076,1909f56bfc062723c751e8b465ee728b)  -> (artifact id: '942461db2c747756c50775d57ffb6fbe') in 0,020026 seconds 
========================================================================
Received Import Request.
  Time since last request: 0,000349 seconds.
  path: Assets/source/kurok_AO.jpg
  artifactKey: Guid(94395e5b2200059fcb090405e53042ed) Importer(815301076,1909f56bfc062723c751e8b465ee728b)
Start importing Assets/source/kurok_AO.jpg using Guid(94395e5b2200059fcb090405e53042ed) Importer(815301076,1909f56bfc062723c751e8b465ee728b)  -> (artifact id: '0887877cd78f0dcfa34c15d8fe73629c') in 0,027193 seconds 
========================================================================
Received Import Request.
  Time since last request: 0,000339 seconds.
  path: Assets/source/plas_metallic.jpg
  artifactKey: Guid(8c10d5727ccd3797d83e0bfa0c0d4ab0) Importer(815301076,1909f56bfc062723c751e8b465ee728b)
Start importing Assets/source/plas_metallic.jpg using Guid(8c10d5727ccd3797d83e0bfa0c0d4ab0) Importer(815301076,1909f56bfc062723c751e8b465ee728b)  -> (artifact id: '48f9479742564db98a1469fd1ef8e929') in 0,024604 seconds 
========================================================================
Received Import Request.
  Time since last request: 0,000311 seconds.
  path: Assets/source/but_AO.jpg
  artifactKey: Guid(e167d2966ba4c54e6ba51b348c643acb) Importer(815301076,1909f56bfc062723c751e8b465ee728b)
Start importing Assets/source/but_AO.jpg using Guid(e167d2966ba4c54e6ba51b348c643acb) Importer(815301076,1909f56bfc062723c751e8b465ee728b)  -> (artifact id: '3771c2932e493455c06b42acd770b140') in 0,022828 seconds 
========================================================================
Received Import Request.
  Time since last request: 0,000387 seconds.
  path: Assets/source/but_roughness.jpg
  artifactKey: Guid(9df8552e0b40f459ba161267dcfae3e0) Importer(815301076,1909f56bfc062723c751e8b465ee728b)
Start importing Assets/source/but_roughness.jpg using Guid(9df8552e0b40f459ba161267dcfae3e0) Importer(815301076,1909f56bfc062723c751e8b465ee728b)  -> (artifact id: '87e65732139d0af5827f2404737ede72') in 0,019641 seconds 
========================================================================
Received Import Request.
  Time since last request: 0,000378 seconds.
  path: Assets/source/stvol.fbx
  artifactKey: Guid(370f2315a1a32c7b587dac6774494a9c) Importer(815301076,1909f56bfc062723c751e8b465ee728b)
Start importing Assets/source/stvol.fbx using Guid(370f2315a1a32c7b587dac6774494a9c) Importer(815301076,1909f56bfc062723c751e8b465ee728b)  -> (artifact id: '1b9c400210b9ab369264b1302a44b12c') in 1,341182 seconds 
========================================================================
Received Import Request.
  Time since last request: 0,000348 seconds.
  path: Assets/source/but_normal.png
  artifactKey: Guid(334bf9b89d23bfea88abd5e054f8d149) Importer(815301076,1909f56bfc062723c751e8b465ee728b)
Start importing Assets/source/but_normal.png using Guid(334bf9b89d23bfea88abd5e054f8d149) Importer(815301076,1909f56bfc062723c751e8b465ee728b)  -> (artifact id: 'cda9c81b0756d33d8dd7a104fc7fb168') in 0,019152 seconds 
========================================================================
Received Import Request.
  Time since last request: 0,000242 seconds.
  path: Assets/source/kurok_roughness.jpg
  artifactKey: Guid(0f1a6dbd6f94d335295a2c7d9990f0f5) Importer(815301076,1909f56bfc062723c751e8b465ee728b)
Start importing Assets/source/kurok_roughness.jpg using Guid(0f1a6dbd6f94d335295a2c7d9990f0f5) Importer(815301076,1909f56bfc062723c751e8b465ee728b)  -> (artifact id: 'ddb3d4cec288c3c97436e74c83ff1c59') in 0,021694 seconds 
========================================================================
Received Import Request.
  Time since last request: 0,000380 seconds.
  path: Assets/source/kurok_albedo.jpg
  artifactKey: Guid(492cb504ba42cdda2862f80d9dbb43b2) Importer(815301076,1909f56bfc062723c751e8b465ee728b)
Start importing Assets/source/kurok_albedo.jpg using Guid(492cb504ba42cdda2862f80d9dbb43b2) Importer(815301076,1909f56bfc062723c751e8b465ee728b)  -> (artifact id: '0d555ffc2fd2fe0936dacbf52bacad73') in 0,019467 seconds 
========================================================================
Received Import Request.
  Time since last request: 0,000427 seconds.
  path: Assets/source/kurok_metallic.jpg
  artifactKey: Guid(80cb2c742c5faee3395497a617589b49) Importer(815301076,1909f56bfc062723c751e8b465ee728b)
Start importing Assets/source/kurok_metallic.jpg using Guid(80cb2c742c5faee3395497a617589b49) Importer(815301076,1909f56bfc062723c751e8b465ee728b)  -> (artifact id: 'eaea34adef9288a11d8233016efeb8f5') in 0,019605 seconds 
========================================================================
Received Import Request.
  Time since last request: 0,000322 seconds.
  path: Assets/source/ruchra_normal.png
  artifactKey: Guid(a777d2eac2d05913a8ac65d4fa6a4daa) Importer(815301076,1909f56bfc062723c751e8b465ee728b)
Start importing Assets/source/ruchra_normal.png using Guid(a777d2eac2d05913a8ac65d4fa6a4daa) Importer(815301076,1909f56bfc062723c751e8b465ee728b)  -> (artifact id: '54723fd28fbaffafd96bf1c3886f7076') in 0,018879 seconds 
========================================================================
Received Import Request.
  Time since last request: 0,000354 seconds.
  path: Assets/source/plas_AO.jpg
  artifactKey: Guid(752e6ab9d41ca78818d2b7f0daef54b8) Importer(815301076,1909f56bfc062723c751e8b465ee728b)
Start importing Assets/source/plas_AO.jpg using Guid(752e6ab9d41ca78818d2b7f0daef54b8) Importer(815301076,1909f56bfc062723c751e8b465ee728b)  -> (artifact id: '8cc4e0cc178b5c8a034c5df2e931e48f') in 0,026409 seconds 
========================================================================
Received Import Request.
  Time since last request: 0,000320 seconds.
  path: Assets/source/ruchra_AO.jpg
  artifactKey: Guid(f2e97c710d538b495905ecdf565458bb) Importer(815301076,1909f56bfc062723c751e8b465ee728b)
Start importing Assets/source/ruchra_AO.jpg using Guid(f2e97c710d538b495905ecdf565458bb) Importer(815301076,1909f56bfc062723c751e8b465ee728b)  -> (artifact id: 'eb6afd39858165457fca3623b6efba5e') in 0,022730 seconds 
========================================================================
Received Import Request.
  Time since last request: 34,174330 seconds.
  path: Assets/source/plas_normal.png
  artifactKey: Guid(d33c834c99aaa4326bd8acb0f1e75c62) Importer(815301076,1909f56bfc062723c751e8b465ee728b)
Start importing Assets/source/plas_normal.png using Guid(d33c834c99aaa4326bd8acb0f1e75c62) Importer(815301076,1909f56bfc062723c751e8b465ee728b)  -> (artifact id: 'c202e8dace16a4d059385026a7ad960e') in 0,290308 seconds 
========================================================================
Received Import Request.
  Time since last request: 0,000313 seconds.
  path: Assets/source/stvol.fbx
  artifactKey: Guid(370f2315a1a32c7b587dac6774494a9c) Importer(815301076,1909f56bfc062723c751e8b465ee728b)
Start importing Assets/source/stvol.fbx using Guid(370f2315a1a32c7b587dac6774494a9c) Importer(815301076,1909f56bfc062723c751e8b465ee728b)  -> (artifact id: '2daf4f9db82f5ab95db6ba801a91ed7e') in 0,539278 seconds 
========================================================================
Received Import Request.
  Time since last request: 0,000325 seconds.
  path: Assets/source/ruchra_normal.png
  artifactKey: Guid(a777d2eac2d05913a8ac65d4fa6a4daa) Importer(815301076,1909f56bfc062723c751e8b465ee728b)
Start importing Assets/source/ruchra_normal.png using Guid(a777d2eac2d05913a8ac65d4fa6a4daa) Importer(815301076,1909f56bfc062723c751e8b465ee728b)  -> (artifact id: '18abf09c6ceeb10a7de7303d1475ba32') in 0,216835 seconds 
========================================================================
Received Prepare
Refreshing native plugins compatible for Editor in 10,87 ms, found 0 plugins.
Preloading 0 native plugins for Editor in 0,00 ms.
Unloading 34 Unused Serialized files (Serialized files now loaded: 0)
System memory in use before: 75,6 MB.
System memory in use after: 75,7 MB.

Unloading 34 unused Assets to reduce memory usage. Loaded Objects now: 4245.
Total: 9,369344 ms (FindLiveObjects: 0,395307 ms CreateObjectMapping: 0,230710 ms MarkObjects: 8,536536 ms  DeleteObjects: 0,205222 ms)

AssetImportParameters requested are different than current active one (requested -> active):
  custom:video-decoder-ogg-theora: a1e56fd34408186e4bbccfd4996cb3dc -> 
  custom:container-muxer-webm: aa71ff27fc2769a1b78a27578f13a17b -> 
  custom:container-demuxer-webm: 4f35f7cbe854078d1ac9338744f61a02 -> 
  custom:container-demuxer-ogg: 62fdf1f143b41e24485cea50d1cbac27 -> 
  custom:video-encoder-webm-vp8: eb34c28f22e8b96e1ab97ce403110664 -> 
  custom:video-decoder-webm-vp8: 9c59270c3fd7afecdb556c50c9e8de78 -> 
  custom:audio-decoder-ogg-vorbis: bf7c407c2cedff20999df2af8eb42d56 -> 
  custom:audio-encoder-webm-vorbis: bf7c407c2cedff20999df2af8eb42d56 -> 
========================================================================
Received Prepare
Refreshing native plugins compatible for Editor in 13,76 ms, found 0 plugins.
Preloading 0 native plugins for Editor in 0,00 ms.
Unloading 34 Unused Serialized files (Serialized files now loaded: 0)
System memory in use before: 75,6 MB.
System memory in use after: 75,7 MB.

Unloading 34 unused Assets to reduce memory usage. Loaded Objects now: 4245.
Total: 9,978677 ms (FindLiveObjects: 0,401731 ms CreateObjectMapping: 0,233264 ms MarkObjects: 9,116179 ms  DeleteObjects: 0,225468 ms)

AssetImportParameters requested are different than current active one (requested -> active):
  custom:video-decoder-ogg-theora: a1e56fd34408186e4bbccfd4996cb3dc -> 
  custom:container-muxer-webm: aa71ff27fc2769a1b78a27578f13a17b -> 
  custom:container-demuxer-webm: 4f35f7cbe854078d1ac9338744f61a02 -> 
  custom:container-demuxer-ogg: 62fdf1f143b41e24485cea50d1cbac27 -> 
  custom:video-encoder-webm-vp8: eb34c28f22e8b96e1ab97ce403110664 -> 
  custom:video-decoder-webm-vp8: 9c59270c3fd7afecdb556c50c9e8de78 -> 
  custom:audio-decoder-ogg-vorbis: bf7c407c2cedff20999df2af8eb42d56 -> 
  custom:audio-encoder-webm-vorbis: bf7c407c2cedff20999df2af8eb42d56 -> 
========================================================================
Received Prepare
Refreshing native plugins compatible for Editor in 9,77 ms, found 0 plugins.
Preloading 0 native plugins for Editor in 0,00 ms.
Unloading 34 Unused Serialized files (Serialized files now loaded: 0)
System memory in use before: 75,6 MB.
System memory in use after: 75,7 MB.

Unloading 34 unused Assets to reduce memory usage. Loaded Objects now: 4245.
Total: 8,358754 ms (FindLiveObjects: 0,429702 ms CreateObjectMapping: 0,184994 ms MarkObjects: 7,550702 ms  DeleteObjects: 0,192016 ms)

AssetImportParameters requested are different than current active one (requested -> active):
  custom:video-decoder-ogg-theora: a1e56fd34408186e4bbccfd4996cb3dc -> 
  custom:container-muxer-webm: aa71ff27fc2769a1b78a27578f13a17b -> 
  custom:container-demuxer-webm: 4f35f7cbe854078d1ac9338744f61a02 -> 
  custom:container-demuxer-ogg: 62fdf1f143b41e24485cea50d1cbac27 -> 
  custom:video-encoder-webm-vp8: eb34c28f22e8b96e1ab97ce403110664 -> 
  custom:video-decoder-webm-vp8: 9c59270c3fd7afecdb556c50c9e8de78 -> 
  custom:audio-decoder-ogg-vorbis: bf7c407c2cedff20999df2af8eb42d56 -> 
  custom:audio-encoder-webm-vorbis: bf7c407c2cedff20999df2af8eb42d56 -> 
========================================================================
Received Import Request.
  Time since last request: 1081,762499 seconds.
  path: Assets/Scenes/SampleSceneLightingSettings.lighting
  artifactKey: Guid(477cc4148fad3449482a3bc3178594e2) Importer(815301076,1909f56bfc062723c751e8b465ee728b)
Start importing Assets/Scenes/SampleSceneLightingSettings.lighting using Guid(477cc4148fad3449482a3bc3178594e2) Importer(815301076,1909f56bfc062723c751e8b465ee728b)  -> (artifact id: '4a26a52e718306fba651ad1c5ff177c0') in 0,005252 seconds 
========================================================================
Received Import Request.
  Time since last request: 269,097554 seconds.
  path: Assets/Controller.prefab
  artifactKey: Guid(2416ce1974586bf89bd10083e850eb5a) Importer(815301076,1909f56bfc062723c751e8b465ee728b)
Start importing Assets/Controller.prefab using Guid(2416ce1974586bf89bd10083e850eb5a) Importer(815301076,1909f56bfc062723c751e8b465ee728b)  -> (artifact id: '0710cddbd8982913a91147471ded7d2e') in 0,022412 seconds 
========================================================================
Received Prepare
Refreshing native plugins compatible for Editor in 9,88 ms, found 0 plugins.
Preloading 0 native plugins for Editor in 0,00 ms.
Unloading 34 Unused Serialized files (Serialized files now loaded: 0)
System memory in use before: 75,6 MB.
System memory in use after: 75,7 MB.

Unloading 34 unused Assets to reduce memory usage. Loaded Objects now: 4246.
Total: 8,989644 ms (FindLiveObjects: 0,417352 ms CreateObjectMapping: 0,234448 ms MarkObjects: 8,159749 ms  DeleteObjects: 0,176886 ms)

AssetImportParameters requested are different than current active one (requested -> active):
  custom:video-decoder-ogg-theora: a1e56fd34408186e4bbccfd4996cb3dc -> 
  custom:container-muxer-webm: aa71ff27fc2769a1b78a27578f13a17b -> 
  custom:container-demuxer-webm: 4f35f7cbe854078d1ac9338744f61a02 -> 
  custom:container-demuxer-ogg: 62fdf1f143b41e24485cea50d1cbac27 -> 
  custom:video-encoder-webm-vp8: eb34c28f22e8b96e1ab97ce403110664 -> 
  custom:video-decoder-webm-vp8: 9c59270c3fd7afecdb556c50c9e8de78 -> 
  custom:audio-decoder-ogg-vorbis: bf7c407c2cedff20999df2af8eb42d56 -> 
  custom:audio-encoder-webm-vorbis: bf7c407c2cedff20999df2af8eb42d56 -> 
========================================================================
Received Prepare
Refreshing native plugins compatible for Editor in 10,07 ms, found 0 plugins.
Preloading 0 native plugins for Editor in 0,00 ms.
Unloading 34 Unused Serialized files (Serialized files now loaded: 0)
System memory in use before: 75,6 MB.
System memory in use after: 75,7 MB.

Unloading 34 unused Assets to reduce memory usage. Loaded Objects now: 4246.
Total: 8,876661 ms (FindLiveObjects: 0,385467 ms CreateObjectMapping: 0,208155 ms MarkObjects: 8,108294 ms  DeleteObjects: 0,173266 ms)

AssetImportParameters requested are different than current active one (requested -> active):
  custom:video-decoder-ogg-theora: a1e56fd34408186e4bbccfd4996cb3dc -> 
  custom:container-muxer-webm: aa71ff27fc2769a1b78a27578f13a17b -> 
  custom:container-demuxer-webm: 4f35f7cbe854078d1ac9338744f61a02 -> 
  custom:container-demuxer-ogg: 62fdf1f143b41e24485cea50d1cbac27 -> 
  custom:video-encoder-webm-vp8: eb34c28f22e8b96e1ab97ce403110664 -> 
  custom:video-decoder-webm-vp8: 9c59270c3fd7afecdb556c50c9e8de78 -> 
  custom:audio-decoder-ogg-vorbis: bf7c407c2cedff20999df2af8eb42d56 -> 
  custom:audio-encoder-webm-vorbis: bf7c407c2cedff20999df2af8eb42d56 -> 
========================================================================
Received Prepare
Refreshing native plugins compatible for Editor in 10,12 ms, found 0 plugins.
Preloading 0 native plugins for Editor in 0,00 ms.
Unloading 34 Unused Serialized files (Serialized files now loaded: 0)
System memory in use before: 75,6 MB.
System memory in use after: 75,7 MB.

Unloading 34 unused Assets to reduce memory usage. Loaded Objects now: 4246.
Total: 9,085494 ms (FindLiveObjects: 0,360155 ms CreateObjectMapping: 0,193263 ms MarkObjects: 8,362443 ms  DeleteObjects: 0,167917 ms)

AssetImportParameters requested are different than current active one (requested -> active):
  custom:video-decoder-ogg-theora: a1e56fd34408186e4bbccfd4996cb3dc -> 
  custom:container-muxer-webm: aa71ff27fc2769a1b78a27578f13a17b -> 
  custom:container-demuxer-webm: 4f35f7cbe854078d1ac9338744f61a02 -> 
  custom:container-demuxer-ogg: 62fdf1f143b41e24485cea50d1cbac27 -> 
  custom:video-encoder-webm-vp8: eb34c28f22e8b96e1ab97ce403110664 -> 
  custom:video-decoder-webm-vp8: 9c59270c3fd7afecdb556c50c9e8de78 -> 
  custom:audio-decoder-ogg-vorbis: bf7c407c2cedff20999df2af8eb42d56 -> 
  custom:audio-encoder-webm-vorbis: bf7c407c2cedff20999df2af8eb42d56 -> 
========================================================================
Received Import Request.
  Time since last request: 12148,855168 seconds.
  path: Assets/Materials/Skybox_Mat.mat
  artifactKey: Guid(0ffaa0b7117ba8c47a9d05ae701d4b4d) Importer(815301076,1909f56bfc062723c751e8b465ee728b)
Start importing Assets/Materials/Skybox_Mat.mat using Guid(0ffaa0b7117ba8c47a9d05ae701d4b4d) Importer(815301076,1909f56bfc062723c751e8b465ee728b)  -> (artifact id: '4d54ab3375f41efad00566dcae11def2') in 0,010675 seconds 
========================================================================
Received Import Request.
  Time since last request: 1,880826 seconds.
  path: Assets/Presets/AudioCompressedInMemory.preset
  artifactKey: Guid(2dd802e4d37c65149922028d3e973832) Importer(815301076,1909f56bfc062723c751e8b465ee728b)
Start importing Assets/Presets/AudioCompressedInMemory.preset using Guid(2dd802e4d37c65149922028d3e973832) Importer(815301076,1909f56bfc062723c751e8b465ee728b)  -> (artifact id: 'ac4de02398cfe62c06251b0f50233ebf') in 0,003619 seconds 
========================================================================
Received Import Request.
  Time since last request: 0,000443 seconds.
  path: Assets/Presets/AudioStreaming.preset
  artifactKey: Guid(86bcce7f5575b54408aa0f3a7d321039) Importer(815301076,1909f56bfc062723c751e8b465ee728b)
Start importing Assets/Presets/AudioStreaming.preset using Guid(86bcce7f5575b54408aa0f3a7d321039) Importer(815301076,1909f56bfc062723c751e8b465ee728b)  -> (artifact id: '9982fbd60bc57b892b2c54d34a0163c0') in 0,003465 seconds 
========================================================================
Received Import Request.
  Time since last request: 0,000309 seconds.
  path: Assets/Presets/NormalTexture.preset
  artifactKey: Guid(14a57cf3b9fa1c74b884aa7e0dcf1faa) Importer(815301076,1909f56bfc062723c751e8b465ee728b)
Start importing Assets/Presets/NormalTexture.preset using Guid(14a57cf3b9fa1c74b884aa7e0dcf1faa) Importer(815301076,1909f56bfc062723c751e8b465ee728b)  -> (artifact id: '9c195482fc53bc4f53f643643f636469') in 0,004372 seconds 
========================================================================
Received Import Request.
  Time since last request: 0,000225 seconds.
  path: Assets/Presets/UtilityTexture.preset
  artifactKey: Guid(45f7b2e3c78185248b3adbb14429c2ab) Importer(815301076,1909f56bfc062723c751e8b465ee728b)
Start importing Assets/Presets/UtilityTexture.preset using Guid(45f7b2e3c78185248b3adbb14429c2ab) Importer(815301076,1909f56bfc062723c751e8b465ee728b)  -> (artifact id: 'ab9c1faeeb59b745cafa0ae79c874a42') in 0,003253 seconds 
========================================================================
Received Prepare
Refreshing native plugins compatible for Editor in 10,21 ms, found 0 plugins.
Preloading 0 native plugins for Editor in 0,00 ms.
Unloading 34 Unused Serialized files (Serialized files now loaded: 0)
System memory in use before: 75,6 MB.
System memory in use after: 75,7 MB.

Unloading 34 unused Assets to reduce memory usage. Loaded Objects now: 4246.
Total: 9,227355 ms (FindLiveObjects: 0,359759 ms CreateObjectMapping: 0,198081 ms MarkObjects: 8,478930 ms  DeleteObjects: 0,189081 ms)

AssetImportParameters requested are different than current active one (requested -> active):
  custom:video-decoder-ogg-theora: a1e56fd34408186e4bbccfd4996cb3dc -> 
  custom:container-muxer-webm: aa71ff27fc2769a1b78a27578f13a17b -> 
  custom:container-demuxer-webm: 4f35f7cbe854078d1ac9338744f61a02 -> 
  custom:container-demuxer-ogg: 62fdf1f143b41e24485cea50d1cbac27 -> 
  custom:video-encoder-webm-vp8: eb34c28f22e8b96e1ab97ce403110664 -> 
  custom:video-decoder-webm-vp8: 9c59270c3fd7afecdb556c50c9e8de78 -> 
  custom:audio-decoder-ogg-vorbis: bf7c407c2cedff20999df2af8eb42d56 -> 
  custom:audio-encoder-webm-vorbis: bf7c407c2cedff20999df2af8eb42d56 -> 
========================================================================
Received Prepare
Refreshing native plugins compatible for Editor in 11,43 ms, found 0 plugins.
Preloading 0 native plugins for Editor in 0,00 ms.
Unloading 34 Unused Serialized files (Serialized files now loaded: 0)
System memory in use before: 75,6 MB.
System memory in use after: 75,7 MB.

Unloading 34 unused Assets to reduce memory usage. Loaded Objects now: 4246.
Total: 8,821161 ms (FindLiveObjects: 0,336866 ms CreateObjectMapping: 0,182868 ms MarkObjects: 8,034335 ms  DeleteObjects: 0,265670 ms)

AssetImportParameters requested are different than current active one (requested -> active):
  custom:video-decoder-ogg-theora: a1e56fd34408186e4bbccfd4996cb3dc -> 
  custom:container-muxer-webm: aa71ff27fc2769a1b78a27578f13a17b -> 
  custom:container-demuxer-webm: 4f35f7cbe854078d1ac9338744f61a02 -> 
  custom:container-demuxer-ogg: 62fdf1f143b41e24485cea50d1cbac27 -> 
  custom:video-encoder-webm-vp8: eb34c28f22e8b96e1ab97ce403110664 -> 
  custom:video-decoder-webm-vp8: 9c59270c3fd7afecdb556c50c9e8de78 -> 
  custom:audio-decoder-ogg-vorbis: bf7c407c2cedff20999df2af8eb42d56 -> 
  custom:audio-encoder-webm-vorbis: bf7c407c2cedff20999df2af8eb42d56 -> 
